<?xml version="1.0" encoding="UTF-8"?>
<!-- Generated by org.testng.reporters.JUnitReportReporter -->
<testsuite hostname="WX-5CG1285KPX" failures="0" tests="4" name="AutomationTesting.Practice.index" time="7.118" errors="0" timestamp="2022-05-22T17:20:31 IST" skipped="0">
  <testcase classname="AutomationTesting.Practice.index" name="indexPage" time="5.195"/>
  <system-out/>
  <testcase classname="AutomationTesting.Practice.index" name="Name" time="0.326"/>
  <system-out/>
  <testcase classname="AutomationTesting.Practice.index" name="address" time="0.163"/>
  <system-out/>
  <testcase classname="AutomationTesting.Practice.index" name="Email" time="1.434"/>
  <system-out/>
</testsuite> <!-- AutomationTesting.Practice.index -->
