<?xml version="1.0" encoding="UTF-8"?>
<!-- Generated by org.testng.reporters.JUnitReportReporter -->
<testsuite hostname="WX-5CG1285KPX" failures="0" tests="4" name="AutomationTesting.Practice.test" time="17.257" errors="0" timestamp="2022-05-23T18:07:19 IST" skipped="0">
  <testcase classname="AutomationTesting.Practice.test" name="testing" time="12.858"/>
  <system-out/>
  <testcase classname="AutomationTesting.Practice.test" name="day" time="3.105"/>
  <system-out>
    <![CDATA[<img src='C:\Users\VENKATEC\espncricinfo\testingqa\Screenshot\language.png'/>]]>
  </system-out>
  <testcase classname="AutomationTesting.Practice.test" name="photo" time="0.095"/>
  <system-out/>
  <testcase classname="AutomationTesting.Practice.test" name="submit" time="1.199"/>
  <system-out/>
</testsuite> <!-- AutomationTesting.Practice.test -->
